<?xml version="1.0" encoding="UTF-8"?>
<coverage generated="1540557379299" clover="3.2.0">
  <project timestamp="1540557379299" name="All files">
    <metrics statements="8" coveredstatements="8" conditionals="1" coveredconditionals="0" methods="3" coveredmethods="3" elements="12" coveredelements="11" complexity="0" loc="8" ncloc="8" packages="1" files="3" classes="3">
      <file name="constants.ts" path="/home/dmitriy/Projects/ci-integration/src/constants.ts">
        <metrics statements="1" coveredstatements="1" conditionals="0" coveredconditionals="0" methods="0" coveredmethods="0"/>
        <line num="1" count="1" type="stmt"/>
      </file>
      <file name="requests.ts" path="/home/dmitriy/Projects/ci-integration/src/requests.ts">
        <metrics statements="5" coveredstatements="5" conditionals="0" coveredconditionals="0" methods="2" coveredmethods="2"/>
        <line num="1" count="1" type="stmt"/>
        <line num="3" count="1" type="stmt"/>
        <line num="11" count="1" type="stmt"/>
        <line num="12" count="1" type="stmt"/>
        <line num="14" count="1" type="stmt"/>
      </file>
      <file name="utils.ts" path="/home/dmitriy/Projects/ci-integration/src/utils.ts">
        <metrics statements="2" coveredstatements="2" conditionals="1" coveredconditionals="0" methods="1" coveredmethods="1"/>
        <line num="1" count="1" type="cond" truecount="0" falsecount="1"/>
        <line num="2" count="1" type="stmt"/>
      </file>
    </metrics>
  </project>
</coverage>
