{"/home/dmitriy/Projects/ci-integration/src/constants.ts": {"path":"/home/dmitriy/Projects/ci-integration/src/constants.ts","statementMap":{"0":{"start":{"line":1,"column":13},"end":{"line":1,"column":72}}},"fnMap":{},"branchMap":{},"s":{"0":1},"f":{},"b":{}}
,"/home/dmitriy/Projects/ci-integration/src/requests.ts": {"path":"/home/dmitriy/Projects/ci-integration/src/requests.ts","statementMap":{"0":{"start":{"line":1,"column":0},"end":{"line":1,"column":44}},"1":{"start":{"line":3,"column":0},"end":{"line":5,"column":20}},"2":{"start":{"line":11,"column":13},"end":{"line":15,"column":2}},"3":{"start":{"line":11,"column":61},"end":{"line":15,"column":1}},"4":{"start":{"line":12,"column":60},"end":{"line":12,"column":89}},"5":{"start":{"line":14,"column":2},"end":{"line":14,"column":30}}},"fnMap":{"0":{"name":"(anonymous_7)","decl":{"start":{"line":11,"column":33},"end":{"line":11,"column":58}},"loc":{"start":{"line":11,"column":61},"end":{"line":15,"column":1}}},"1":{"name":"(anonymous_8)","decl":{"start":{"line":11,"column":61},"end":{"line":null,"column":-1}},"loc":{"start":{"line":11,"column":61},"end":{"line":15,"column":1}}}},"branchMap":{},"s":{"0":1,"1":1,"2":1,"3":1,"4":1,"5":1},"f":{"0":1,"1":1},"b":{}}
,"/home/dmitriy/Projects/ci-integration/src/utils.ts": {"path":"/home/dmitriy/Projects/ci-integration/src/utils.ts","statementMap":{"0":{"start":{"line":1,"column":13},"end":{"line":2,"column":36}},"1":{"start":{"line":2,"column":2},"end":{"line":2,"column":35}}},"fnMap":{"0":{"name":"(anonymous_0)","decl":{"start":{"line":1,"column":38},"end":{"line":1,"column":39}},"loc":{"start":{"line":2,"column":2},"end":{"line":2,"column":35}}}},"branchMap":{"0":{"loc":{"start":{"line":1,"column":57},"end":{"line":1,"column":59}},"type":"default-arg","locations":[{"start":{"line":1,"column":57},"end":{"line":1,"column":59}}]}},"s":{"0":1,"1":1},"f":{"0":1},"b":{"0":[0]}}
}
